This file contains any messages produced by compilers while
running configure, to aid debugging if configure makes a mistake.

It was created by fdk-aac configure 0.1.4, which was
generated by GNU Autoconf 2.69.  Invocation command line was

  $ ./configure --host=arm-buildroot-linux-gnueabihf --disable-shared --prefix=/mnt/users/ed/build/software/bitvu/buildroot4G-4.x/FFmpeg-sources/ffmpeg_build

## --------- ##
## Platform. ##
## --------- ##

hostname = linux-dev
uname -m = x86_64
uname -r = 3.19.0-25-generic
uname -s = Linux
uname -v = #26~14.04.1-Ubuntu SMP Fri Jul 24 21:16:20 UTC 2015

/usr/bin/uname -p = unknown
/bin/uname -X     = unknown

/bin/arch              = unknown
/usr/bin/arch -k       = unknown
/usr/convex/getsysinfo = unknown
/usr/bin/hostinfo      = unknown
/bin/machine           = unknown
/usr/bin/oslevel       = unknown
/bin/universe          = unknown

PATH: /mnt/users/ed/bin
PATH: /usr/local/sbin
PATH: /usr/local/bin
PATH: /usr/sbin
PATH: /usr/bin
PATH: /sbin
PATH: /bin
PATH: /usr/games
PATH: /usr/local/games
PATH: /mnt/users/ed/build/software/bitvu/buildroot4G-4.x/buildroot/output/host/usr/bin


## ----------- ##
## Core tests. ##
## ----------- ##

configure:2301: checking for a BSD-compatible install
configure:2369: result: /usr/bin/install -c
configure:2380: checking whether build environment is sane
configure:2435: result: yes
configure:2494: checking for arm-buildroot-linux-gnueabihf-strip
configure:2510: found /mnt/users/ed/build/software/bitvu/buildroot4G-4.x/buildroot/output/host/usr/bin/arm-buildroot-linux-gnueabihf-strip
configure:2521: result: arm-buildroot-linux-gnueabihf-strip
configure:2586: checking for a thread-safe mkdir -p
configure:2625: result: /bin/mkdir -p
configure:2632: checking for gawk
configure:2648: found /usr/bin/gawk
configure:2659: result: gawk
configure:2670: checking whether make sets $(MAKE)
configure:2692: result: yes
configure:2721: checking whether make supports nested variables
configure:2738: result: yes
configure:2827: checking whether UID '1001' is supported by ustar format
configure:2830: result: yes
configure:2837: checking whether GID '1001' is supported by ustar format
configure:2840: result: yes
configure:2848: checking how to create a ustar tar archive
configure:2859: tar --version
tar (GNU tar) 1.27.1
Copyright (C) 2013 Free Software Foundation, Inc.
License GPLv3+: GNU GPL version 3 or later <http://gnu.org/licenses/gpl.html>.
This is free software: you are free to change and redistribute it.
There is NO WARRANTY, to the extent permitted by law.

Written by John Gilmore and Jay Fenlason.
configure:2862: $? = 0
configure:2902: tardir=conftest.dir && eval tar --format=ustar -chf - "$tardir" >conftest.tar
configure:2905: $? = 0
configure:2909: tar -xf - <conftest.tar
configure:2912: $? = 0
configure:2914: cat conftest.dir/file
GrepMe
configure:2917: $? = 0
configure:2930: result: gnutar
configure:2990: checking whether make supports nested variables
configure:3007: result: yes
configure:3044: checking for arm-buildroot-linux-gnueabihf-gcc
configure:3060: found /mnt/users/ed/build/software/bitvu/buildroot4G-4.x/buildroot/output/host/usr/bin/arm-buildroot-linux-gnueabihf-gcc
configure:3071: result: arm-buildroot-linux-gnueabihf-gcc
configure:3340: checking for C compiler version
configure:3349: arm-buildroot-linux-gnueabihf-gcc --version >&5
arm-buildroot-linux-gnueabihf-gcc.br_real (Buildroot 2016.05-git-01167-g0deed78) 4.9.3
Copyright (C) 2015 Free Software Foundation, Inc.
This is free software; see the source for copying conditions.  There is NO
warranty; not even for MERCHANTABILITY or FITNESS FOR A PARTICULAR PURPOSE.

configure:3360: $? = 0
configure:3349: arm-buildroot-linux-gnueabihf-gcc -v >&5
Using built-in specs.
COLLECT_GCC=/mnt/users/ed/build/software/bitvu/buildroot4G-4.x/buildroot/output/host/usr/bin/arm-buildroot-linux-gnueabihf-gcc.br_real
COLLECT_LTO_WRAPPER=/mnt/users/ed/build/software/bitvu/buildroot4G-4.x/buildroot/output/host/usr/libexec/gcc/arm-buildroot-linux-gnueabihf/4.9.3/lto-wrapper
Target: arm-buildroot-linux-gnueabihf
Configured with: ./configure --prefix=/mnt/users/ed/build/software/bitvu/buildroot4G-4.x/buildroot/output/host/usr --sysconfdir=/mnt/users/ed/build/software/bitvu/buildroot4G-4.x/buildroot/output/host/etc --enable-static --target=arm-buildroot-linux-gnueabihf --with-sysroot=/mnt/users/ed/build/software/bitvu/buildroot4G-4.x/buildroot/output/host/usr/arm-buildroot-linux-gnueabihf/sysroot --disable-__cxa_atexit --with-gnu-ld --disable-libssp --disable-multilib --with-gmp=/mnt/users/ed/build/software/bitvu/buildroot4G-4.x/buildroot/output/host/usr --with-mpfr=/mnt/users/ed/build/software/bitvu/buildroot4G-4.x/buildroot/output/host/usr --with-pkgversion='Buildroot 2016.05-git-01167-g0deed78' --with-bugurl=http://bugs.buildroot.net/ --disable-libquadmath --enable-tls --disable-libmudflap --enable-threads --with-mpc=/mnt/users/ed/build/software/bitvu/buildroot4G-4.x/buildroot/output/host/usr --without-isl --without-cloog --disable-decimal-float --with-abi=aapcs-linux --with-cpu=arm1176jzf-s --with-fpu=vfp --with-float=hard --with-mode=arm --enable-languages=c,c++ --with-build-time-tools=/mnt/users/ed/build/software/bitvu/buildroot4G-4.x/buildroot/output/host/usr/arm-buildroot-linux-gnueabihf/bin --enable-shared --disable-libgomp
Thread model: posix
gcc version 4.9.3 (Buildroot 2016.05-git-01167-g0deed78) 
configure:3360: $? = 0
configure:3349: arm-buildroot-linux-gnueabihf-gcc -V >&5
arm-buildroot-linux-gnueabihf-gcc.br_real: error: unrecognized command line option '-V'
arm-buildroot-linux-gnueabihf-gcc.br_real: fatal error: no input files
compilation terminated.
configure:3360: $? = 1
configure:3349: arm-buildroot-linux-gnueabihf-gcc -qversion >&5
arm-buildroot-linux-gnueabihf-gcc.br_real: error: unrecognized command line option '-qversion'
arm-buildroot-linux-gnueabihf-gcc.br_real: fatal error: no input files
compilation terminated.
configure:3360: $? = 1
configure:3380: checking whether the C compiler works
configure:3402: arm-buildroot-linux-gnueabihf-gcc    conftest.c  >&5
configure:3406: $? = 0
configure:3454: result: yes
configure:3457: checking for C compiler default output file name
configure:3459: result: a.out
configure:3465: checking for suffix of executables
configure:3472: arm-buildroot-linux-gnueabihf-gcc -o conftest    conftest.c  >&5
configure:3476: $? = 0
configure:3498: result: 
configure:3520: checking whether we are cross compiling
configure:3528: arm-buildroot-linux-gnueabihf-gcc -o conftest    conftest.c  >&5
configure:3532: $? = 0
configure:3539: ./conftest
./configure: line 3541: ./conftest: cannot execute binary file: Exec format error
configure:3543: $? = 126
configure:3558: result: yes
configure:3563: checking for suffix of object files
configure:3585: arm-buildroot-linux-gnueabihf-gcc -c   conftest.c >&5
configure:3589: $? = 0
configure:3610: result: o
configure:3614: checking whether we are using the GNU C compiler
configure:3633: arm-buildroot-linux-gnueabihf-gcc -c   conftest.c >&5
configure:3633: $? = 0
configure:3642: result: yes
configure:3651: checking whether arm-buildroot-linux-gnueabihf-gcc accepts -g
configure:3671: arm-buildroot-linux-gnueabihf-gcc -c -g  conftest.c >&5
configure:3671: $? = 0
configure:3712: result: yes
configure:3729: checking for arm-buildroot-linux-gnueabihf-gcc option to accept ISO C89
configure:3792: arm-buildroot-linux-gnueabihf-gcc  -c -g -O2  conftest.c >&5
configure:3792: $? = 0
configure:3805: result: none needed
configure:3830: checking whether arm-buildroot-linux-gnueabihf-gcc understands -c and -o together
configure:3852: arm-buildroot-linux-gnueabihf-gcc -c conftest.c -o conftest2.o
configure:3855: $? = 0
configure:3852: arm-buildroot-linux-gnueabihf-gcc -c conftest.c -o conftest2.o
configure:3855: $? = 0
configure:3867: result: yes
configure:3895: checking for style of include used by make
configure:3923: result: GNU
configure:3949: checking dependency style of arm-buildroot-linux-gnueabihf-gcc
configure:4060: result: gcc3
configure:4089: checking for arm-buildroot-linux-gnueabihf-g++
configure:4105: found /mnt/users/ed/build/software/bitvu/buildroot4G-4.x/buildroot/output/host/usr/bin/arm-buildroot-linux-gnueabihf-g++
configure:4116: result: arm-buildroot-linux-gnueabihf-g++
configure:4187: checking for C++ compiler version
configure:4196: arm-buildroot-linux-gnueabihf-g++ --version >&5
arm-buildroot-linux-gnueabihf-g++.br_real (Buildroot 2016.05-git-01167-g0deed78) 4.9.3
Copyright (C) 2015 Free Software Foundation, Inc.
This is free software; see the source for copying conditions.  There is NO
warranty; not even for MERCHANTABILITY or FITNESS FOR A PARTICULAR PURPOSE.

configure:4207: $? = 0
configure:4196: arm-buildroot-linux-gnueabihf-g++ -v >&5
Using built-in specs.
COLLECT_GCC=/mnt/users/ed/build/software/bitvu/buildroot4G-4.x/buildroot/output/host/usr/bin/arm-buildroot-linux-gnueabihf-g++.br_real
COLLECT_LTO_WRAPPER=/mnt/users/ed/build/software/bitvu/buildroot4G-4.x/buildroot/output/host/usr/libexec/gcc/arm-buildroot-linux-gnueabihf/4.9.3/lto-wrapper
Target: arm-buildroot-linux-gnueabihf
Configured with: ./configure --prefix=/mnt/users/ed/build/software/bitvu/buildroot4G-4.x/buildroot/output/host/usr --sysconfdir=/mnt/users/ed/build/software/bitvu/buildroot4G-4.x/buildroot/output/host/etc --enable-static --target=arm-buildroot-linux-gnueabihf --with-sysroot=/mnt/users/ed/build/software/bitvu/buildroot4G-4.x/buildroot/output/host/usr/arm-buildroot-linux-gnueabihf/sysroot --disable-__cxa_atexit --with-gnu-ld --disable-libssp --disable-multilib --with-gmp=/mnt/users/ed/build/software/bitvu/buildroot4G-4.x/buildroot/output/host/usr --with-mpfr=/mnt/users/ed/build/software/bitvu/buildroot4G-4.x/buildroot/output/host/usr --with-pkgversion='Buildroot 2016.05-git-01167-g0deed78' --with-bugurl=http://bugs.buildroot.net/ --disable-libquadmath --enable-tls --disable-libmudflap --enable-threads --with-mpc=/mnt/users/ed/build/software/bitvu/buildroot4G-4.x/buildroot/output/host/usr --without-isl --without-cloog --disable-decimal-float --with-abi=aapcs-linux --with-cpu=arm1176jzf-s --with-fpu=vfp --with-float=hard --with-mode=arm --enable-languages=c,c++ --with-build-time-tools=/mnt/users/ed/build/software/bitvu/buildroot4G-4.x/buildroot/output/host/usr/arm-buildroot-linux-gnueabihf/bin --enable-shared --disable-libgomp
Thread model: posix
gcc version 4.9.3 (Buildroot 2016.05-git-01167-g0deed78) 
configure:4207: $? = 0
configure:4196: arm-buildroot-linux-gnueabihf-g++ -V >&5
arm-buildroot-linux-gnueabihf-g++.br_real: error: unrecognized command line option '-V'
arm-buildroot-linux-gnueabihf-g++.br_real: fatal error: no input files
compilation terminated.
configure:4207: $? = 1
configure:4196: arm-buildroot-linux-gnueabihf-g++ -qversion >&5
arm-buildroot-linux-gnueabihf-g++.br_real: error: unrecognized command line option '-qversion'
arm-buildroot-linux-gnueabihf-g++.br_real: fatal error: no input files
compilation terminated.
configure:4207: $? = 1
configure:4211: checking whether we are using the GNU C++ compiler
configure:4230: arm-buildroot-linux-gnueabihf-g++ -c   conftest.cpp >&5
configure:4230: $? = 0
configure:4239: result: yes
configure:4248: checking whether arm-buildroot-linux-gnueabihf-g++ accepts -g
configure:4268: arm-buildroot-linux-gnueabihf-g++ -c -g  conftest.cpp >&5
configure:4268: $? = 0
configure:4309: result: yes
configure:4334: checking dependency style of arm-buildroot-linux-gnueabihf-g++
configure:4445: result: gcc3
configure:4489: checking build system type
configure:4503: result: x86_64-unknown-linux-gnu
configure:4523: checking host system type
configure:4536: result: arm-buildroot-linux-gnueabihf
configure:4577: checking how to print strings
configure:4604: result: printf
configure:4625: checking for a sed that does not truncate output
configure:4689: result: /bin/sed
configure:4707: checking for grep that handles long lines and -e
configure:4765: result: /bin/grep
configure:4770: checking for egrep
configure:4832: result: /bin/grep -E
configure:4837: checking for fgrep
configure:4899: result: /bin/grep -F
configure:4934: checking for ld used by arm-buildroot-linux-gnueabihf-gcc
configure:5001: result: /mnt/users/ed/build/software/bitvu/buildroot4G-4.x/buildroot/output/host/usr/arm-buildroot-linux-gnueabihf/bin/ld
configure:5008: checking if the linker (/mnt/users/ed/build/software/bitvu/buildroot4G-4.x/buildroot/output/host/usr/arm-buildroot-linux-gnueabihf/bin/ld) is GNU ld
configure:5023: result: yes
configure:5035: checking for BSD- or MS-compatible name lister (nm)
configure:5084: result: /mnt/users/ed/build/software/bitvu/buildroot4G-4.x/buildroot/output/host/usr/bin/arm-buildroot-linux-gnueabihf-nm -B
configure:5214: checking the name lister (/mnt/users/ed/build/software/bitvu/buildroot4G-4.x/buildroot/output/host/usr/bin/arm-buildroot-linux-gnueabihf-nm -B) interface
configure:5221: arm-buildroot-linux-gnueabihf-gcc -c -g -O2  conftest.c >&5
configure:5224: /mnt/users/ed/build/software/bitvu/buildroot4G-4.x/buildroot/output/host/usr/bin/arm-buildroot-linux-gnueabihf-nm -B "conftest.o"
configure:5227: output
00000000 B some_variable
configure:5234: result: BSD nm
configure:5237: checking whether ln -s works
configure:5241: result: yes
configure:5249: checking the maximum length of command line arguments
configure:5380: result: 1572864
configure:5397: checking whether the shell understands some XSI constructs
configure:5407: result: yes
configure:5411: checking whether the shell understands "+="
configure:5417: result: yes
configure:5452: checking how to convert x86_64-unknown-linux-gnu file names to arm-buildroot-linux-gnueabihf format
configure:5492: result: func_convert_file_noop
configure:5499: checking how to convert x86_64-unknown-linux-gnu file names to toolchain format
configure:5519: result: func_convert_file_noop
configure:5526: checking for /mnt/users/ed/build/software/bitvu/buildroot4G-4.x/buildroot/output/host/usr/arm-buildroot-linux-gnueabihf/bin/ld option to reload object files
configure:5533: result: -r
configure:5567: checking for arm-buildroot-linux-gnueabihf-objdump
configure:5583: found /mnt/users/ed/build/software/bitvu/buildroot4G-4.x/buildroot/output/host/usr/bin/arm-buildroot-linux-gnueabihf-objdump
configure:5594: result: arm-buildroot-linux-gnueabihf-objdump
configure:5666: checking how to recognize dependent libraries
configure:5864: result: pass_all
configure:5909: checking for arm-buildroot-linux-gnueabihf-dlltool
configure:5939: result: no
configure:5949: checking for dlltool
configure:5979: result: no
configure:6009: checking how to associate runtime and link libraries
configure:6036: result: printf %s\n
configure:6053: checking for arm-buildroot-linux-gnueabihf-ar
configure:6069: found /mnt/users/ed/build/software/bitvu/buildroot4G-4.x/buildroot/output/host/usr/bin/arm-buildroot-linux-gnueabihf-ar
configure:6080: result: arm-buildroot-linux-gnueabihf-ar
configure:6161: checking for archiver @FILE support
configure:6178: arm-buildroot-linux-gnueabihf-gcc -c -g -O2  conftest.c >&5
configure:6178: $? = 0
configure:6181: arm-buildroot-linux-gnueabihf-ar cru libconftest.a @conftest.lst >&5
configure:6184: $? = 0
configure:6189: arm-buildroot-linux-gnueabihf-ar cru libconftest.a @conftest.lst >&5
arm-buildroot-linux-gnueabihf-ar: conftest.o: No such file or directory
configure:6192: $? = 1
configure:6204: result: @
configure:6222: checking for arm-buildroot-linux-gnueabihf-strip
configure:6249: result: arm-buildroot-linux-gnueabihf-strip
configure:6321: checking for arm-buildroot-linux-gnueabihf-ranlib
configure:6337: found /mnt/users/ed/build/software/bitvu/buildroot4G-4.x/buildroot/output/host/usr/bin/arm-buildroot-linux-gnueabihf-ranlib
configure:6348: result: arm-buildroot-linux-gnueabihf-ranlib
configure:6490: checking command to parse /mnt/users/ed/build/software/bitvu/buildroot4G-4.x/buildroot/output/host/usr/bin/arm-buildroot-linux-gnueabihf-nm -B output from arm-buildroot-linux-gnueabihf-gcc object
configure:6610: arm-buildroot-linux-gnueabihf-gcc -c -g -O2  conftest.c >&5
configure:6613: $? = 0
configure:6617: /mnt/users/ed/build/software/bitvu/buildroot4G-4.x/buildroot/output/host/usr/bin/arm-buildroot-linux-gnueabihf-nm -B conftest.o \| sed -n -e 's/^.*[ ]\([ABCDGIRSTW][ABCDGIRSTW]*\)[ ][ ]*\([_A-Za-z][_A-Za-z0-9]*\)$/\1 \2 \2/p' | sed '/ __gnu_lto/d' \> conftest.nm
configure:6620: $? = 0
configure:6686: arm-buildroot-linux-gnueabihf-gcc -o conftest -g -O2   conftest.c conftstm.o >&5
configure:6689: $? = 0
configure:6727: result: ok
configure:6764: checking for sysroot
configure:6794: result: no
configure:7023: checking for arm-buildroot-linux-gnueabihf-mt
configure:7053: result: no
configure:7063: checking for mt
configure:7079: found /bin/mt
configure:7090: result: mt
configure:7102: WARNING: using cross tools not prefixed with host triplet
configure:7113: checking if mt is a manifest tool
configure:7119: mt '-?'
configure:7127: result: no
configure:7769: checking how to run the C preprocessor
configure:7800: arm-buildroot-linux-gnueabihf-gcc -E  conftest.c
configure:7800: $? = 0
configure:7814: arm-buildroot-linux-gnueabihf-gcc -E  conftest.c
conftest.c:11:28: fatal error: ac_nonexistent.h: No such file or directory
 #include <ac_nonexistent.h>
                            ^
compilation terminated.
configure:7814: $? = 1
configure: failed program was:
| /* confdefs.h */
| #define PACKAGE_NAME "fdk-aac"
| #define PACKAGE_TARNAME "fdk-aac"
| #define PACKAGE_VERSION "0.1.4"
| #define PACKAGE_STRING "fdk-aac 0.1.4"
| #define PACKAGE_BUGREPORT "http://sourceforge.net/projects/opencore-amr/"
| #define PACKAGE_URL ""
| #define PACKAGE "fdk-aac"
| #define VERSION "0.1.4"
| /* end confdefs.h.  */
| #include <ac_nonexistent.h>
configure:7839: result: arm-buildroot-linux-gnueabihf-gcc -E
configure:7859: arm-buildroot-linux-gnueabihf-gcc -E  conftest.c
configure:7859: $? = 0
configure:7873: arm-buildroot-linux-gnueabihf-gcc -E  conftest.c
conftest.c:11:28: fatal error: ac_nonexistent.h: No such file or directory
 #include <ac_nonexistent.h>
                            ^
compilation terminated.
configure:7873: $? = 1
configure: failed program was:
| /* confdefs.h */
| #define PACKAGE_NAME "fdk-aac"
| #define PACKAGE_TARNAME "fdk-aac"
| #define PACKAGE_VERSION "0.1.4"
| #define PACKAGE_STRING "fdk-aac 0.1.4"
| #define PACKAGE_BUGREPORT "http://sourceforge.net/projects/opencore-amr/"
| #define PACKAGE_URL ""
| #define PACKAGE "fdk-aac"
| #define VERSION "0.1.4"
| /* end confdefs.h.  */
| #include <ac_nonexistent.h>
configure:7902: checking for ANSI C header files
configure:7922: arm-buildroot-linux-gnueabihf-gcc -c -g -O2  conftest.c >&5
configure:7922: $? = 0
configure:8006: result: yes
configure:8019: checking for sys/types.h
configure:8019: arm-buildroot-linux-gnueabihf-gcc -c -g -O2  conftest.c >&5
configure:8019: $? = 0
configure:8019: result: yes
configure:8019: checking for sys/stat.h
configure:8019: arm-buildroot-linux-gnueabihf-gcc -c -g -O2  conftest.c >&5
configure:8019: $? = 0
configure:8019: result: yes
configure:8019: checking for stdlib.h
configure:8019: arm-buildroot-linux-gnueabihf-gcc -c -g -O2  conftest.c >&5
configure:8019: $? = 0
configure:8019: result: yes
configure:8019: checking for string.h
configure:8019: arm-buildroot-linux-gnueabihf-gcc -c -g -O2  conftest.c >&5
configure:8019: $? = 0
configure:8019: result: yes
configure:8019: checking for memory.h
configure:8019: arm-buildroot-linux-gnueabihf-gcc -c -g -O2  conftest.c >&5
configure:8019: $? = 0
configure:8019: result: yes
configure:8019: checking for strings.h
configure:8019: arm-buildroot-linux-gnueabihf-gcc -c -g -O2  conftest.c >&5
configure:8019: $? = 0
configure:8019: result: yes
configure:8019: checking for inttypes.h
configure:8019: arm-buildroot-linux-gnueabihf-gcc -c -g -O2  conftest.c >&5
configure:8019: $? = 0
configure:8019: result: yes
configure:8019: checking for stdint.h
configure:8019: arm-buildroot-linux-gnueabihf-gcc -c -g -O2  conftest.c >&5
configure:8019: $? = 0
configure:8019: result: yes
configure:8019: checking for unistd.h
configure:8019: arm-buildroot-linux-gnueabihf-gcc -c -g -O2  conftest.c >&5
configure:8019: $? = 0
configure:8019: result: yes
configure:8033: checking for dlfcn.h
configure:8033: arm-buildroot-linux-gnueabihf-gcc -c -g -O2  conftest.c >&5
configure:8033: $? = 0
configure:8033: result: yes
configure:8250: checking for objdir
configure:8265: result: .libs
configure:8536: checking if arm-buildroot-linux-gnueabihf-gcc supports -fno-rtti -fno-exceptions
configure:8554: arm-buildroot-linux-gnueabihf-gcc -c -g -O2  -fno-rtti -fno-exceptions conftest.c >&5
cc1: warning: command line option '-fno-rtti' is valid for C++/ObjC++ but not for C
configure:8558: $? = 0
configure:8571: result: no
configure:8898: checking for arm-buildroot-linux-gnueabihf-gcc option to produce PIC
configure:8905: result: -fPIC -DPIC
configure:8913: checking if arm-buildroot-linux-gnueabihf-gcc PIC flag -fPIC -DPIC works
configure:8931: arm-buildroot-linux-gnueabihf-gcc -c -g -O2  -fPIC -DPIC -DPIC conftest.c >&5
configure:8935: $? = 0
configure:8948: result: yes
configure:8977: checking if arm-buildroot-linux-gnueabihf-gcc static flag -static works
configure:9005: result: yes
configure:9020: checking if arm-buildroot-linux-gnueabihf-gcc supports -c -o file.o
configure:9041: arm-buildroot-linux-gnueabihf-gcc -c -g -O2  -o out/conftest2.o conftest.c >&5
configure:9045: $? = 0
configure:9067: result: yes
configure:9075: checking if arm-buildroot-linux-gnueabihf-gcc supports -c -o file.o
configure:9122: result: yes
configure:9155: checking whether the arm-buildroot-linux-gnueabihf-gcc linker (/mnt/users/ed/build/software/bitvu/buildroot4G-4.x/buildroot/output/host/usr/arm-buildroot-linux-gnueabihf/bin/ld) supports shared libraries
configure:10312: result: yes
configure:10552: checking dynamic linker characteristics
configure:11052: arm-buildroot-linux-gnueabihf-gcc -o conftest -g -O2   -Wl,-rpath -Wl,/foo conftest.c  >&5
configure:11052: $? = 0
configure:11286: result: GNU/Linux ld.so
configure:11393: checking how to hardcode library paths into programs
configure:11418: result: immediate
configure:11958: checking whether stripping libraries is possible
configure:11963: result: yes
configure:11998: checking if libtool supports shared libraries
configure:12000: result: yes
configure:12003: checking whether to build shared libraries
configure:12024: result: no
configure:12027: checking whether to build static libraries
configure:12031: result: yes
configure:12054: checking how to run the C++ preprocessor
configure:12081: arm-buildroot-linux-gnueabihf-g++ -E  conftest.cpp
configure:12081: $? = 0
configure:12095: arm-buildroot-linux-gnueabihf-g++ -E  conftest.cpp
conftest.cpp:23:28: fatal error: ac_nonexistent.h: No such file or directory
 #include <ac_nonexistent.h>
                            ^
compilation terminated.
configure:12095: $? = 1
configure: failed program was:
| /* confdefs.h */
| #define PACKAGE_NAME "fdk-aac"
| #define PACKAGE_TARNAME "fdk-aac"
| #define PACKAGE_VERSION "0.1.4"
| #define PACKAGE_STRING "fdk-aac 0.1.4"
| #define PACKAGE_BUGREPORT "http://sourceforge.net/projects/opencore-amr/"
| #define PACKAGE_URL ""
| #define PACKAGE "fdk-aac"
| #define VERSION "0.1.4"
| #define STDC_HEADERS 1
| #define HAVE_SYS_TYPES_H 1
| #define HAVE_SYS_STAT_H 1
| #define HAVE_STDLIB_H 1
| #define HAVE_STRING_H 1
| #define HAVE_MEMORY_H 1
| #define HAVE_STRINGS_H 1
| #define HAVE_INTTYPES_H 1
| #define HAVE_STDINT_H 1
| #define HAVE_UNISTD_H 1
| #define HAVE_DLFCN_H 1
| #define LT_OBJDIR ".libs/"
| /* end confdefs.h.  */
| #include <ac_nonexistent.h>
configure:12120: result: arm-buildroot-linux-gnueabihf-g++ -E
configure:12140: arm-buildroot-linux-gnueabihf-g++ -E  conftest.cpp
configure:12140: $? = 0
configure:12154: arm-buildroot-linux-gnueabihf-g++ -E  conftest.cpp
conftest.cpp:23:28: fatal error: ac_nonexistent.h: No such file or directory
 #include <ac_nonexistent.h>
                            ^
compilation terminated.
configure:12154: $? = 1
configure: failed program was:
| /* confdefs.h */
| #define PACKAGE_NAME "fdk-aac"
| #define PACKAGE_TARNAME "fdk-aac"
| #define PACKAGE_VERSION "0.1.4"
| #define PACKAGE_STRING "fdk-aac 0.1.4"
| #define PACKAGE_BUGREPORT "http://sourceforge.net/projects/opencore-amr/"
| #define PACKAGE_URL ""
| #define PACKAGE "fdk-aac"
| #define VERSION "0.1.4"
| #define STDC_HEADERS 1
| #define HAVE_SYS_TYPES_H 1
| #define HAVE_SYS_STAT_H 1
| #define HAVE_STDLIB_H 1
| #define HAVE_STRING_H 1
| #define HAVE_MEMORY_H 1
| #define HAVE_STRINGS_H 1
| #define HAVE_INTTYPES_H 1
| #define HAVE_STDINT_H 1
| #define HAVE_UNISTD_H 1
| #define HAVE_DLFCN_H 1
| #define LT_OBJDIR ".libs/"
| /* end confdefs.h.  */
| #include <ac_nonexistent.h>
configure:12323: checking for ld used by arm-buildroot-linux-gnueabihf-g++
configure:12390: result: /mnt/users/ed/build/software/bitvu/buildroot4G-4.x/buildroot/output/host/usr/arm-buildroot-linux-gnueabihf/bin/ld
configure:12397: checking if the linker (/mnt/users/ed/build/software/bitvu/buildroot4G-4.x/buildroot/output/host/usr/arm-buildroot-linux-gnueabihf/bin/ld) is GNU ld
configure:12412: result: yes
configure:12467: checking whether the arm-buildroot-linux-gnueabihf-g++ linker (/mnt/users/ed/build/software/bitvu/buildroot4G-4.x/buildroot/output/host/usr/arm-buildroot-linux-gnueabihf/bin/ld) supports shared libraries
configure:13469: result: yes
configure:13505: arm-buildroot-linux-gnueabihf-g++ -c -g -O2  conftest.cpp >&5
configure:13508: $? = 0
configure:14028: checking for arm-buildroot-linux-gnueabihf-g++ option to produce PIC
configure:14035: result: -fPIC -DPIC
configure:14043: checking if arm-buildroot-linux-gnueabihf-g++ PIC flag -fPIC -DPIC works
configure:14061: arm-buildroot-linux-gnueabihf-g++ -c -g -O2  -fPIC -DPIC -DPIC conftest.cpp >&5
configure:14065: $? = 0
configure:14078: result: yes
configure:14101: checking if arm-buildroot-linux-gnueabihf-g++ static flag -static works
configure:14129: result: yes
configure:14141: checking if arm-buildroot-linux-gnueabihf-g++ supports -c -o file.o
configure:14162: arm-buildroot-linux-gnueabihf-g++ -c -g -O2  -o out/conftest2.o conftest.cpp >&5
configure:14166: $? = 0
configure:14188: result: yes
configure:14193: checking if arm-buildroot-linux-gnueabihf-g++ supports -c -o file.o
configure:14240: result: yes
configure:14270: checking whether the arm-buildroot-linux-gnueabihf-g++ linker (/mnt/users/ed/build/software/bitvu/buildroot4G-4.x/buildroot/output/host/usr/arm-buildroot-linux-gnueabihf/bin/ld) supports shared libraries
configure:14309: result: yes
configure:14450: checking dynamic linker characteristics
configure:15118: result: GNU/Linux ld.so
configure:15171: checking how to hardcode library paths into programs
configure:15196: result: immediate
configure:15258: checking for library containing sin
configure:15289: arm-buildroot-linux-gnueabihf-gcc -o conftest -g -O2   conftest.c  >&5
conftest.c:30:6: warning: conflicting types for built-in function 'sin'
 char sin ();
      ^
/tmp/cc8A4UO7.o: In function `main':
/mnt/users/ed/build/software/bitvu/buildroot4G-4.x/FFmpeg-sources/mstorsjo-fdk-aac-50a98d1/conftest.c:34: undefined reference to `sin'
collect2: error: ld returned 1 exit status
configure:15289: $? = 1
configure: failed program was:
| /* confdefs.h */
| #define PACKAGE_NAME "fdk-aac"
| #define PACKAGE_TARNAME "fdk-aac"
| #define PACKAGE_VERSION "0.1.4"
| #define PACKAGE_STRING "fdk-aac 0.1.4"
| #define PACKAGE_BUGREPORT "http://sourceforge.net/projects/opencore-amr/"
| #define PACKAGE_URL ""
| #define PACKAGE "fdk-aac"
| #define VERSION "0.1.4"
| #define STDC_HEADERS 1
| #define HAVE_SYS_TYPES_H 1
| #define HAVE_SYS_STAT_H 1
| #define HAVE_STDLIB_H 1
| #define HAVE_STRING_H 1
| #define HAVE_MEMORY_H 1
| #define HAVE_STRINGS_H 1
| #define HAVE_INTTYPES_H 1
| #define HAVE_STDINT_H 1
| #define HAVE_UNISTD_H 1
| #define HAVE_DLFCN_H 1
| #define LT_OBJDIR ".libs/"
| /* end confdefs.h.  */
| 
| /* Override any GCC internal prototype to avoid an error.
|    Use char because int might match the return type of a GCC
|    builtin and then its argument prototype would still apply.  */
| #ifdef __cplusplus
| extern "C"
| #endif
| char sin ();
| int
| main ()
| {
| return sin ();
|   ;
|   return 0;
| }
configure:15289: arm-buildroot-linux-gnueabihf-gcc -o conftest -g -O2   conftest.c -lm   >&5
conftest.c:30:6: warning: conflicting types for built-in function 'sin'
 char sin ();
      ^
configure:15289: $? = 0
configure:15306: result: -lm
configure:15473: checking that generated files are newer than configure
configure:15479: result: done
configure:15510: creating ./config.status

## ---------------------- ##
## Running config.status. ##
## ---------------------- ##

This file was extended by fdk-aac config.status 0.1.4, which was
generated by GNU Autoconf 2.69.  Invocation command line was

  CONFIG_FILES    = 
  CONFIG_HEADERS  = 
  CONFIG_LINKS    = 
  CONFIG_COMMANDS = 
  $ ./config.status 

on linux-dev

config.status:1072: creating Makefile
config.status:1072: creating fdk-aac.pc
config.status:1244: executing depfiles commands
config.status:1244: executing libtool commands

## ---------------- ##
## Cache variables. ##
## ---------------- ##

ac_cv_build=x86_64-unknown-linux-gnu
ac_cv_c_compiler_gnu=yes
ac_cv_cxx_compiler_gnu=yes
ac_cv_env_CCC_set=
ac_cv_env_CCC_value=
ac_cv_env_CC_set=
ac_cv_env_CC_value=
ac_cv_env_CFLAGS_set=
ac_cv_env_CFLAGS_value=
ac_cv_env_CPPFLAGS_set=
ac_cv_env_CPPFLAGS_value=
ac_cv_env_CPP_set=
ac_cv_env_CPP_value=
ac_cv_env_CXXCPP_set=
ac_cv_env_CXXCPP_value=
ac_cv_env_CXXFLAGS_set=
ac_cv_env_CXXFLAGS_value=
ac_cv_env_CXX_set=
ac_cv_env_CXX_value=
ac_cv_env_LDFLAGS_set=
ac_cv_env_LDFLAGS_value=
ac_cv_env_LIBS_set=
ac_cv_env_LIBS_value=
ac_cv_env_build_alias_set=
ac_cv_env_build_alias_value=
ac_cv_env_host_alias_set=set
ac_cv_env_host_alias_value=arm-buildroot-linux-gnueabihf
ac_cv_env_target_alias_set=
ac_cv_env_target_alias_value=
ac_cv_header_dlfcn_h=yes
ac_cv_header_inttypes_h=yes
ac_cv_header_memory_h=yes
ac_cv_header_stdc=yes
ac_cv_header_stdint_h=yes
ac_cv_header_stdlib_h=yes
ac_cv_header_string_h=yes
ac_cv_header_strings_h=yes
ac_cv_header_sys_stat_h=yes
ac_cv_header_sys_types_h=yes
ac_cv_header_unistd_h=yes
ac_cv_host=arm-buildroot-linux-gnueabihf
ac_cv_objext=o
ac_cv_path_EGREP='/bin/grep -E'
ac_cv_path_FGREP='/bin/grep -F'
ac_cv_path_GREP=/bin/grep
ac_cv_path_SED=/bin/sed
ac_cv_path_install='/usr/bin/install -c'
ac_cv_path_mkdir=/bin/mkdir
ac_cv_prog_AR=arm-buildroot-linux-gnueabihf-ar
ac_cv_prog_AWK=gawk
ac_cv_prog_CC=arm-buildroot-linux-gnueabihf-gcc
ac_cv_prog_CPP='arm-buildroot-linux-gnueabihf-gcc -E'
ac_cv_prog_CXX=arm-buildroot-linux-gnueabihf-g++
ac_cv_prog_CXXCPP='arm-buildroot-linux-gnueabihf-g++ -E'
ac_cv_prog_OBJDUMP=arm-buildroot-linux-gnueabihf-objdump
ac_cv_prog_RANLIB=arm-buildroot-linux-gnueabihf-ranlib
ac_cv_prog_STRIP=arm-buildroot-linux-gnueabihf-strip
ac_cv_prog_ac_ct_MANIFEST_TOOL=mt
ac_cv_prog_cc_c89=
ac_cv_prog_cc_g=yes
ac_cv_prog_cxx_g=yes
ac_cv_prog_make_make_set=yes
ac_cv_search_sin=-lm
am_cv_CC_dependencies_compiler_type=gcc3
am_cv_CXX_dependencies_compiler_type=gcc3
am_cv_make_support_nested_variables=yes
am_cv_prog_cc_c_o=yes
am_cv_prog_tar_ustar=gnutar
lt_cv_ar_at_file=@
lt_cv_deplibs_check_method=pass_all
lt_cv_file_magic_cmd='$MAGIC_CMD'
lt_cv_file_magic_test_file=
lt_cv_ld_reload_flag=-r
lt_cv_nm_interface='BSD nm'
lt_cv_objdir=.libs
lt_cv_path_LD=/mnt/users/ed/build/software/bitvu/buildroot4G-4.x/buildroot/output/host/usr/arm-buildroot-linux-gnueabihf/bin/ld
lt_cv_path_LDCXX=/mnt/users/ed/build/software/bitvu/buildroot4G-4.x/buildroot/output/host/usr/arm-buildroot-linux-gnueabihf/bin/ld
lt_cv_path_NM='/mnt/users/ed/build/software/bitvu/buildroot4G-4.x/buildroot/output/host/usr/bin/arm-buildroot-linux-gnueabihf-nm -B'
lt_cv_path_mainfest_tool=no
lt_cv_prog_compiler_c_o=yes
lt_cv_prog_compiler_c_o_CXX=yes
lt_cv_prog_compiler_pic='-fPIC -DPIC'
lt_cv_prog_compiler_pic_CXX='-fPIC -DPIC'
lt_cv_prog_compiler_pic_works=yes
lt_cv_prog_compiler_pic_works_CXX=yes
lt_cv_prog_compiler_rtti_exceptions=no
lt_cv_prog_compiler_static_works=yes
lt_cv_prog_compiler_static_works_CXX=yes
lt_cv_prog_gnu_ld=yes
lt_cv_prog_gnu_ldcxx=yes
lt_cv_sharedlib_from_linklib_cmd='printf %s\n'
lt_cv_shlibpath_overrides_runpath=no
lt_cv_sys_global_symbol_pipe='sed -n -e '\''s/^.*[	 ]\([ABCDGIRSTW][ABCDGIRSTW]*\)[	 ][	 ]*\([_A-Za-z][_A-Za-z0-9]*\)$/\1 \2 \2/p'\'' | sed '\''/ __gnu_lto/d'\'''
lt_cv_sys_global_symbol_to_c_name_address='sed -n -e '\''s/^: \([^ ]*\)[ ]*$/  {\"\1\", (void *) 0},/p'\'' -e '\''s/^[ABCDGIRSTW]* \([^ ]*\) \([^ ]*\)$/  {"\2", (void *) \&\2},/p'\'''
lt_cv_sys_global_symbol_to_c_name_address_lib_prefix='sed -n -e '\''s/^: \([^ ]*\)[ ]*$/  {\"\1\", (void *) 0},/p'\'' -e '\''s/^[ABCDGIRSTW]* \([^ ]*\) \(lib[^ ]*\)$/  {"\2", (void *) \&\2},/p'\'' -e '\''s/^[ABCDGIRSTW]* \([^ ]*\) \([^ ]*\)$/  {"lib\2", (void *) \&\2},/p'\'''
lt_cv_sys_global_symbol_to_cdecl='sed -n -e '\''s/^T .* \(.*\)$/extern int \1();/p'\'' -e '\''s/^[ABCDGIRSTW]* .* \(.*\)$/extern char \1;/p'\'''
lt_cv_sys_max_cmd_len=1572864
lt_cv_to_host_file_cmd=func_convert_file_noop
lt_cv_to_tool_file_cmd=func_convert_file_noop

## ----------------- ##
## Output variables. ##
## ----------------- ##

ACLOCAL='${SHELL} /mnt/users/ed/build/software/bitvu/buildroot4G-4.x/FFmpeg-sources/mstorsjo-fdk-aac-50a98d1/missing aclocal-1.14'
AMDEPBACKSLASH='\'
AMDEP_FALSE='#'
AMDEP_TRUE=''
AMTAR='$${TAR-tar}'
AM_BACKSLASH='\'
AM_DEFAULT_V='$(AM_DEFAULT_VERBOSITY)'
AM_DEFAULT_VERBOSITY='0'
AM_V='$(V)'
AR='arm-buildroot-linux-gnueabihf-ar'
AUTOCONF='${SHELL} /mnt/users/ed/build/software/bitvu/buildroot4G-4.x/FFmpeg-sources/mstorsjo-fdk-aac-50a98d1/missing autoconf'
AUTOHEADER='${SHELL} /mnt/users/ed/build/software/bitvu/buildroot4G-4.x/FFmpeg-sources/mstorsjo-fdk-aac-50a98d1/missing autoheader'
AUTOMAKE='${SHELL} /mnt/users/ed/build/software/bitvu/buildroot4G-4.x/FFmpeg-sources/mstorsjo-fdk-aac-50a98d1/missing automake-1.14'
AWK='gawk'
CC='arm-buildroot-linux-gnueabihf-gcc'
CCDEPMODE='depmode=gcc3'
CFLAGS='-g -O2'
CPP='arm-buildroot-linux-gnueabihf-gcc -E'
CPPFLAGS=''
CXX='arm-buildroot-linux-gnueabihf-g++'
CXXCPP='arm-buildroot-linux-gnueabihf-g++ -E'
CXXDEPMODE='depmode=gcc3'
CXXFLAGS='-g -O2'
CYGPATH_W='echo'
DEFS='-DPACKAGE_NAME=\"fdk-aac\" -DPACKAGE_TARNAME=\"fdk-aac\" -DPACKAGE_VERSION=\"0.1.4\" -DPACKAGE_STRING=\"fdk-aac\ 0.1.4\" -DPACKAGE_BUGREPORT=\"http://sourceforge.net/projects/opencore-amr/\" -DPACKAGE_URL=\"\" -DPACKAGE=\"fdk-aac\" -DVERSION=\"0.1.4\" -DSTDC_HEADERS=1 -DHAVE_SYS_TYPES_H=1 -DHAVE_SYS_STAT_H=1 -DHAVE_STDLIB_H=1 -DHAVE_STRING_H=1 -DHAVE_MEMORY_H=1 -DHAVE_STRINGS_H=1 -DHAVE_INTTYPES_H=1 -DHAVE_STDINT_H=1 -DHAVE_UNISTD_H=1 -DHAVE_DLFCN_H=1 -DLT_OBJDIR=\".libs/\"'
DEPDIR='.deps'
DLLTOOL='false'
DSYMUTIL=''
DUMPBIN=''
ECHO_C=''
ECHO_N='-n'
ECHO_T=''
EGREP='/bin/grep -E'
EXAMPLE_FALSE=''
EXAMPLE_TRUE='#'
EXEEXT=''
FDK_AAC_VERSION='1:0:0'
FGREP='/bin/grep -F'
GREP='/bin/grep'
INSTALL_DATA='${INSTALL} -m 644'
INSTALL_PROGRAM='${INSTALL}'
INSTALL_SCRIPT='${INSTALL}'
INSTALL_STRIP_PROGRAM='$(install_sh) -c -s'
LD='/mnt/users/ed/build/software/bitvu/buildroot4G-4.x/buildroot/output/host/usr/arm-buildroot-linux-gnueabihf/bin/ld'
LDFLAGS=''
LIBOBJS=''
LIBS='-lm '
LIBS_PRIVATE=''
LIBS_PUBLIC='-lm '
LIBTOOL='$(SHELL) $(top_builddir)/libtool'
LIPO=''
LN_S='ln -s'
LTLIBOBJS=''
MAKEINFO='${SHELL} /mnt/users/ed/build/software/bitvu/buildroot4G-4.x/FFmpeg-sources/mstorsjo-fdk-aac-50a98d1/missing makeinfo'
MANIFEST_TOOL=':'
MKDIR_P='/bin/mkdir -p'
NM='/mnt/users/ed/build/software/bitvu/buildroot4G-4.x/buildroot/output/host/usr/bin/arm-buildroot-linux-gnueabihf-nm -B'
NMEDIT=''
OBJDUMP='arm-buildroot-linux-gnueabihf-objdump'
OBJEXT='o'
OTOOL64=''
OTOOL=''
PACKAGE='fdk-aac'
PACKAGE_BUGREPORT='http://sourceforge.net/projects/opencore-amr/'
PACKAGE_NAME='fdk-aac'
PACKAGE_STRING='fdk-aac 0.1.4'
PACKAGE_TARNAME='fdk-aac'
PACKAGE_URL=''
PACKAGE_VERSION='0.1.4'
PATH_SEPARATOR=':'
RANLIB='arm-buildroot-linux-gnueabihf-ranlib'
SED='/bin/sed'
SET_MAKE=''
SHELL='/bin/bash'
STRIP='arm-buildroot-linux-gnueabihf-strip'
VERSION='0.1.4'
ac_ct_AR=''
ac_ct_CC=''
ac_ct_CXX=''
ac_ct_DUMPBIN=''
am__EXEEXT_FALSE=''
am__EXEEXT_TRUE='#'
am__fastdepCC_FALSE='#'
am__fastdepCC_TRUE=''
am__fastdepCXX_FALSE='#'
am__fastdepCXX_TRUE=''
am__include='include'
am__isrc=''
am__leading_dot='.'
am__nodep='_no'
am__quote=''
am__tar='tar --format=ustar -chf - "$$tardir"'
am__untar='tar -xf -'
bindir='${exec_prefix}/bin'
build='x86_64-unknown-linux-gnu'
build_alias=''
build_cpu='x86_64'
build_os='linux-gnu'
build_vendor='unknown'
datadir='${datarootdir}'
datarootdir='${prefix}/share'
docdir='${datarootdir}/doc/${PACKAGE_TARNAME}'
dvidir='${docdir}'
exec_prefix='${prefix}'
host='arm-buildroot-linux-gnueabihf'
host_alias='arm-buildroot-linux-gnueabihf'
host_cpu='arm'
host_os='linux-gnueabihf'
host_vendor='buildroot'
htmldir='${docdir}'
includedir='${prefix}/include'
infodir='${datarootdir}/info'
install_sh='${SHELL} /mnt/users/ed/build/software/bitvu/buildroot4G-4.x/FFmpeg-sources/mstorsjo-fdk-aac-50a98d1/install-sh'
libdir='${exec_prefix}/lib'
libexecdir='${exec_prefix}/libexec'
localedir='${datarootdir}/locale'
localstatedir='${prefix}/var'
mandir='${datarootdir}/man'
mkdir_p='$(MKDIR_P)'
oldincludedir='/usr/include'
pdfdir='${docdir}'
prefix='/mnt/users/ed/build/software/bitvu/buildroot4G-4.x/FFmpeg-sources/ffmpeg_build'
program_transform_name='s,x,x,'
psdir='${docdir}'
sbindir='${exec_prefix}/sbin'
sharedstatedir='${prefix}/com'
sysconfdir='${prefix}/etc'
target_alias=''

## ----------- ##
## confdefs.h. ##
## ----------- ##

/* confdefs.h */
#define PACKAGE_NAME "fdk-aac"
#define PACKAGE_TARNAME "fdk-aac"
#define PACKAGE_VERSION "0.1.4"
#define PACKAGE_STRING "fdk-aac 0.1.4"
#define PACKAGE_BUGREPORT "http://sourceforge.net/projects/opencore-amr/"
#define PACKAGE_URL ""
#define PACKAGE "fdk-aac"
#define VERSION "0.1.4"
#define STDC_HEADERS 1
#define HAVE_SYS_TYPES_H 1
#define HAVE_SYS_STAT_H 1
#define HAVE_STDLIB_H 1
#define HAVE_STRING_H 1
#define HAVE_MEMORY_H 1
#define HAVE_STRINGS_H 1
#define HAVE_INTTYPES_H 1
#define HAVE_STDINT_H 1
#define HAVE_UNISTD_H 1
#define HAVE_DLFCN_H 1
#define LT_OBJDIR ".libs/"

configure: exit 0
