x264 configure script
Command line options: "--host=arm-buildroot-linux-gnueabihf" "--enable-static" "--cross-prefix=/mnt/users/ed/build/software/bitvu/buildroot4G-4.x/buildroot/output/host/usr/bin/arm-buildroot-linux-gnueabihf-" "--prefix=/mnt/users/ed/build/software/bitvu/buildroot4G-4.x/FFmpeg-sources/ffmpeg_build" "--extra-cflags=-march=armv6" "-mfloat-abi=hard" "--extra-ldflags=-march=armv6" "-mfloat-abi=hard"

checking whether /mnt/users/ed/build/software/bitvu/buildroot4G-4.x/buildroot/output/host/usr/bin/arm-buildroot-linux-gnueabihf-gcc works... yes
checking whether /mnt/users/ed/build/software/bitvu/buildroot4G-4.x/buildroot/output/host/usr/bin/arm-buildroot-linux-gnueabihf-gcc supports for( int i = 0; i < 9; i++ ); with -std=gnu99... yes
checking whether /mnt/users/ed/build/software/bitvu/buildroot4G-4.x/buildroot/output/host/usr/bin/arm-buildroot-linux-gnueabihf-gcc supports __asm__("rev ip, ip");... yes
checking whether /mnt/users/ed/build/software/bitvu/buildroot4G-4.x/buildroot/output/host/usr/bin/arm-buildroot-linux-gnueabihf-gcc supports __asm__("movt r0, #0");... no
Failed commandline was:
--------------------------------------------------
/mnt/users/ed/build/software/bitvu/buildroot4G-4.x/buildroot/output/host/usr/bin/arm-buildroot-linux-gnueabihf-gcc conftest.c  -Wall -I. -I$(SRCPATH) -march=armv6 -mfloat-abi=hard -std=gnu99     -march=armv6 -mfloat-abi=hard -lm -o conftest
/tmp/cc9WSgwA.s: Assembler messages:
/tmp/cc9WSgwA.s:27: Error: selected processor does not support ARM mode `movt r0,#0'
--------------------------------------------------
Failed program was:
--------------------------------------------------
int main (void) { __asm__("movt r0, #0"); return 0; }
--------------------------------------------------
checking whether /mnt/users/ed/build/software/bitvu/buildroot4G-4.x/buildroot/output/host/usr/bin/arm-buildroot-linux-gnueabihf-gcc supports __asm__("vadd.i16 q0, q0, q0");... no
Failed commandline was:
--------------------------------------------------
/mnt/users/ed/build/software/bitvu/buildroot4G-4.x/buildroot/output/host/usr/bin/arm-buildroot-linux-gnueabihf-gcc conftest.c  -Wall -I. -I$(SRCPATH) -march=armv6 -mfloat-abi=hard -std=gnu99     -march=armv6 -mfloat-abi=hard -lm -o conftest
/tmp/ccTm2UWA.s: Assembler messages:
/tmp/ccTm2UWA.s:27: Error: selected FPU does not support instruction -- `vadd.i16 q0,q0,q0'
--------------------------------------------------
Failed program was:
--------------------------------------------------
int main (void) { __asm__("vadd.i16 q0, q0, q0"); return 0; }
--------------------------------------------------
checking whether /mnt/users/ed/build/software/bitvu/buildroot4G-4.x/buildroot/output/host/usr/bin/arm-buildroot-linux-gnueabihf-gcc supports .func test
.endfunc... yes
checking for pthread_create(0,0,0,0); in pthread.h... yes
checking for cpu_set_t p_aff; return CPU_COUNT(&p_aff); in sched.h... yes
checking for return log2f(2); in math.h... yes
checking for sws_init_context(0,0,0); in libswscale/swscale.h... no
Failed commandline was:
--------------------------------------------------
/mnt/users/ed/build/software/bitvu/buildroot4G-4.x/buildroot/output/host/usr/bin/arm-buildroot-linux-gnueabihf-gcc conftest.c  -Wall -I. -I$(SRCPATH) -march=armv6 -mfloat-abi=hard -std=gnu99   -lswscale -lavutil   -march=armv6 -mfloat-abi=hard -lm -lpthread -o conftest
conftest.c:1:32: fatal error: libswscale/swscale.h: No such file or directory
 #include <libswscale/swscale.h>
                                ^
compilation terminated.
--------------------------------------------------
Failed program was:
--------------------------------------------------
#include <libswscale/swscale.h>
int main (void) { sws_init_context(0,0,0); return 0; }
--------------------------------------------------
checking for -lpostproc... no
Failed commandline was:
--------------------------------------------------
/mnt/users/ed/build/software/bitvu/buildroot4G-4.x/buildroot/output/host/usr/bin/arm-buildroot-linux-gnueabihf-gcc conftest.c  -Wall -I. -I$(SRCPATH) -march=armv6 -mfloat-abi=hard -std=gnu99  -lpostproc   -march=armv6 -mfloat-abi=hard -lm -lpthread -o conftest
/mnt/users/ed/build/software/bitvu/buildroot4G-4.x/buildroot/output/host/usr/lib/gcc/arm-buildroot-linux-gnueabihf/4.9.3/../../../../arm-buildroot-linux-gnueabihf/bin/ld: cannot find -lpostproc
collect2: error: ld returned 1 exit status
--------------------------------------------------
Failed program was:
--------------------------------------------------
int main (void) {  return 0; }
--------------------------------------------------
checking for -lavcodec... no
Failed commandline was:
--------------------------------------------------
/mnt/users/ed/build/software/bitvu/buildroot4G-4.x/buildroot/output/host/usr/bin/arm-buildroot-linux-gnueabihf-gcc conftest.c  -Wall -I. -I$(SRCPATH) -march=armv6 -mfloat-abi=hard -std=gnu99  -lavcodec   -march=armv6 -mfloat-abi=hard -lm -lpthread -o conftest
/mnt/users/ed/build/software/bitvu/buildroot4G-4.x/buildroot/output/host/usr/lib/gcc/arm-buildroot-linux-gnueabihf/4.9.3/../../../../arm-buildroot-linux-gnueabihf/bin/ld: cannot find -lavcodec
collect2: error: ld returned 1 exit status
--------------------------------------------------
Failed program was:
--------------------------------------------------
int main (void) {  return 0; }
--------------------------------------------------
checking for -lswscale... no
Failed commandline was:
--------------------------------------------------
/mnt/users/ed/build/software/bitvu/buildroot4G-4.x/buildroot/output/host/usr/bin/arm-buildroot-linux-gnueabihf-gcc conftest.c  -Wall -I. -I$(SRCPATH) -march=armv6 -mfloat-abi=hard -std=gnu99  -lswscale   -march=armv6 -mfloat-abi=hard -lm -lpthread -o conftest
/mnt/users/ed/build/software/bitvu/buildroot4G-4.x/buildroot/output/host/usr/lib/gcc/arm-buildroot-linux-gnueabihf/4.9.3/../../../../arm-buildroot-linux-gnueabihf/bin/ld: cannot find -lswscale
collect2: error: ld returned 1 exit status
--------------------------------------------------
Failed program was:
--------------------------------------------------
int main (void) {  return 0; }
--------------------------------------------------
checking for -lavutil... no
Failed commandline was:
--------------------------------------------------
/mnt/users/ed/build/software/bitvu/buildroot4G-4.x/buildroot/output/host/usr/bin/arm-buildroot-linux-gnueabihf-gcc conftest.c  -Wall -I. -I$(SRCPATH) -march=armv6 -mfloat-abi=hard -std=gnu99  -lavutil   -march=armv6 -mfloat-abi=hard -lm -lpthread -o conftest
/mnt/users/ed/build/software/bitvu/buildroot4G-4.x/buildroot/output/host/usr/lib/gcc/arm-buildroot-linux-gnueabihf/4.9.3/../../../../arm-buildroot-linux-gnueabihf/bin/ld: cannot find -lavutil
collect2: error: ld returned 1 exit status
--------------------------------------------------
Failed program was:
--------------------------------------------------
int main (void) {  return 0; }
--------------------------------------------------
checking for -lm... yes
checking for -lz... yes
checking for -lbz2... yes
checking for -lpthread... yes
checking for -lavifil32... no
Failed commandline was:
--------------------------------------------------
/mnt/users/ed/build/software/bitvu/buildroot4G-4.x/buildroot/output/host/usr/bin/arm-buildroot-linux-gnueabihf-gcc conftest.c  -Wall -I. -I$(SRCPATH) -march=armv6 -mfloat-abi=hard -std=gnu99  -lavifil32   -march=armv6 -mfloat-abi=hard -lm -lpthread -o conftest
/mnt/users/ed/build/software/bitvu/buildroot4G-4.x/buildroot/output/host/usr/lib/gcc/arm-buildroot-linux-gnueabihf/4.9.3/../../../../arm-buildroot-linux-gnueabihf/bin/ld: cannot find -lavifil32
collect2: error: ld returned 1 exit status
--------------------------------------------------
Failed program was:
--------------------------------------------------
int main (void) {  return 0; }
--------------------------------------------------
checking for -lws2_32... no
Failed commandline was:
--------------------------------------------------
/mnt/users/ed/build/software/bitvu/buildroot4G-4.x/buildroot/output/host/usr/bin/arm-buildroot-linux-gnueabihf-gcc conftest.c  -Wall -I. -I$(SRCPATH) -march=armv6 -mfloat-abi=hard -std=gnu99  -lws2_32   -march=armv6 -mfloat-abi=hard -lm -lpthread -o conftest
/mnt/users/ed/build/software/bitvu/buildroot4G-4.x/buildroot/output/host/usr/lib/gcc/arm-buildroot-linux-gnueabihf/4.9.3/../../../../arm-buildroot-linux-gnueabihf/bin/ld: cannot find -lws2_32
collect2: error: ld returned 1 exit status
--------------------------------------------------
Failed program was:
--------------------------------------------------
int main (void) {  return 0; }
--------------------------------------------------
checking for av_frame_free(0); in libavformat/avformat.h... no
Failed commandline was:
--------------------------------------------------
/mnt/users/ed/build/software/bitvu/buildroot4G-4.x/buildroot/output/host/usr/bin/arm-buildroot-linux-gnueabihf-gcc conftest.c  -Wall -I. -I$(SRCPATH) -march=armv6 -mfloat-abi=hard -std=gnu99   -L. -lavformat -lm -lz -lbz2 -lpthread   -march=armv6 -mfloat-abi=hard -lm -lpthread -o conftest
conftest.c:1:34: fatal error: libavformat/avformat.h: No such file or directory
 #include <libavformat/avformat.h>
                                  ^
compilation terminated.
--------------------------------------------------
Failed program was:
--------------------------------------------------
#include <libavformat/avformat.h>
int main (void) { av_frame_free(0); return 0; }
--------------------------------------------------
checking for FFMS_DestroyVideoSource(0); in ffms.h... no
Failed commandline was:
--------------------------------------------------
/mnt/users/ed/build/software/bitvu/buildroot4G-4.x/buildroot/output/host/usr/bin/arm-buildroot-linux-gnueabihf-gcc conftest.c  -Wall -I. -I$(SRCPATH) -march=armv6 -mfloat-abi=hard -std=gnu99   -lffms2   -march=armv6 -mfloat-abi=hard -lm -lpthread -o conftest
conftest.c:1:18: fatal error: ffms.h: No such file or directory
 #include <ffms.h>
                  ^
compilation terminated.
--------------------------------------------------
Failed program was:
--------------------------------------------------
#include <ffms.h>
int main (void) { FFMS_DestroyVideoSource(0); return 0; }
--------------------------------------------------
checking for FFMS_DestroyVideoSource(0); in ffms.h... no
Failed commandline was:
--------------------------------------------------
/mnt/users/ed/build/software/bitvu/buildroot4G-4.x/buildroot/output/host/usr/bin/arm-buildroot-linux-gnueabihf-gcc conftest.c  -Wall -I. -I$(SRCPATH) -march=armv6 -mfloat-abi=hard -std=gnu99   -lffms2 -lstdc++ -L. -lavformat -lm -lz -lbz2 -lpthread   -march=armv6 -mfloat-abi=hard -lm -lpthread -o conftest
conftest.c:1:18: fatal error: ffms.h: No such file or directory
 #include <ffms.h>
                  ^
compilation terminated.
--------------------------------------------------
Failed program was:
--------------------------------------------------
#include <ffms.h>
int main (void) { FFMS_DestroyVideoSource(0); return 0; }
--------------------------------------------------
checking for lsmash.h... no
Failed commandline was:
--------------------------------------------------
/mnt/users/ed/build/software/bitvu/buildroot4G-4.x/buildroot/output/host/usr/bin/arm-buildroot-linux-gnueabihf-gcc conftest.c  -Wall -I. -I$(SRCPATH) -march=armv6 -mfloat-abi=hard -std=gnu99   -llsmash   -march=armv6 -mfloat-abi=hard -lm -lpthread -o conftest
conftest.c:1:20: fatal error: lsmash.h: No such file or directory
 #include <lsmash.h>
                    ^
compilation terminated.
--------------------------------------------------
Failed program was:
--------------------------------------------------
#include <lsmash.h>
int main (void) {  return 0; }
--------------------------------------------------
checking for -lz... yes
checking for gpac/isomedia.h... no
Failed commandline was:
--------------------------------------------------
/mnt/users/ed/build/software/bitvu/buildroot4G-4.x/buildroot/output/host/usr/bin/arm-buildroot-linux-gnueabihf-gcc conftest.c  -Wall -I. -I$(SRCPATH) -march=armv6 -mfloat-abi=hard -std=gnu99  -lgpac_static -lz   -march=armv6 -mfloat-abi=hard -lm -lpthread -o conftest
conftest.c:1:27: fatal error: gpac/isomedia.h: No such file or directory
 #include <gpac/isomedia.h>
                           ^
compilation terminated.
--------------------------------------------------
Failed program was:
--------------------------------------------------
#include <gpac/isomedia.h>
int main (void) {  return 0; }
--------------------------------------------------
checking for uint32_t test_vec __attribute__ ((vector_size (16))) = {0,1,2,3}; in stdint.h... yes
checking for -fno-tree-vectorize... yes
checking for fseeko(stdin,0,0); in stdio.h... yes
checking for -Wshadow... yes
checking for -Wmaybe-uninitialized... yes

platform:      ARM
byte order:    little-endian
system:        LINUX
cli:           yes
libx264:       internal
shared:        no
static:        yes
asm:           yes
interlaced:    yes
avs:           avxsynth
lavf:          no
ffms:          no
mp4:           no
gpl:           yes
thread:        posix
opencl:        yes
filters:       crop select_every 
debug:         no
gprof:         no
strip:         no
PIC:           no
bit depth:     8
chroma format: all
